<?xml version="1.0" encoding="UTF-8"?>
<testsuite xmlns:xsi="http://www.w3.org/2001/XMLSchema-instance" xsi:noNamespaceSchemaLocation="https://maven.apache.org/surefire/maven-surefire-plugin/xsd/surefire-test-report.xsd" name="persona.PersonaTest" time="0.067" tests="9" errors="0" skipped="0" failures="0">
  <properties>
    <property name="sun.desktop" value="windows"/>
    <property name="awt.toolkit" value="sun.awt.windows.WToolkit"/>
    <property name="java.specification.version" value="11"/>
    <property name="sun.cpu.isalist" value="amd64"/>
    <property name="sun.jnu.encoding" value="Cp1252"/>
    <property name="java.class.path" value="C:\Users\moralespanitz\UTEC\Software-Engineering\TestingLab\TestingLab\target\test-classes;C:\Users\moralespanitz\UTEC\Software-Engineering\TestingLab\TestingLab\target\classes;C:\Users\moralespanitz\.m2\repository\joda-time\joda-time\2.10.14\joda-time-2.10.14.jar;C:\Users\moralespanitz\.m2\repository\junit\junit\4.13.2\junit-4.13.2.jar;C:\Users\moralespanitz\.m2\repository\org\hamcrest\hamcrest-core\1.3\hamcrest-core-1.3.jar;"/>
    <property name="java.vm.vendor" value="Amazon.com Inc."/>
    <property name="sun.arch.data.model" value="64"/>
    <property name="user.variant" value=""/>
    <property name="java.vendor.url" value="https://aws.amazon.com/corretto/"/>
    <property name="user.timezone" value="America/Bogota"/>
    <property name="java.vm.specification.version" value="11"/>
    <property name="os.name" value="Windows 11"/>
    <property name="sun.java.launcher" value="SUN_STANDARD"/>
    <property name="user.country" value="US"/>
    <property name="sun.boot.library.path" value="C:\Users\moralespanitz\.jdks\corretto-11.0.15\bin"/>
    <property name="sun.java.command" value="C:\Users\MORALE~1\AppData\Local\Temp\surefire12978871063108679223\surefirebooter11879957486217438614.jar C:\Users\moralespanitz\AppData\Local\Temp\surefire12978871063108679223 2022-06-01T13-00-54_850-jvmRun1 surefire10030787599211361025tmp surefire_02927384898800345831tmp"/>
    <property name="jdk.debug" value="release"/>
    <property name="surefire.test.class.path" value="C:\Users\moralespanitz\UTEC\Software-Engineering\TestingLab\TestingLab\target\test-classes;C:\Users\moralespanitz\UTEC\Software-Engineering\TestingLab\TestingLab\target\classes;C:\Users\moralespanitz\.m2\repository\joda-time\joda-time\2.10.14\joda-time-2.10.14.jar;C:\Users\moralespanitz\.m2\repository\junit\junit\4.13.2\junit-4.13.2.jar;C:\Users\moralespanitz\.m2\repository\org\hamcrest\hamcrest-core\1.3\hamcrest-core-1.3.jar;"/>
    <property name="sun.cpu.endian" value="little"/>
    <property name="user.home" value="C:\Users\moralespanitz"/>
    <property name="user.language" value="en"/>
    <property name="java.specification.vendor" value="Oracle Corporation"/>
    <property name="java.version.date" value="2022-04-19"/>
    <property name="java.home" value="C:\Users\moralespanitz\.jdks\corretto-11.0.15"/>
    <property name="file.separator" value="\"/>
    <property name="basedir" value="C:\Users\moralespanitz\UTEC\Software-Engineering\TestingLab\TestingLab"/>
    <property name="java.vm.compressedOopsMode" value="Zero based"/>
    <property name="line.separator" value="&#10;"/>
    <property name="java.specification.name" value="Java Platform API Specification"/>
    <property name="java.vm.specification.vendor" value="Oracle Corporation"/>
    <property name="java.awt.graphicsenv" value="sun.awt.Win32GraphicsEnvironment"/>
    <property name="surefire.real.class.path" value="C:\Users\MORALE~1\AppData\Local\Temp\surefire12978871063108679223\surefirebooter11879957486217438614.jar"/>
    <property name="user.script" value=""/>
    <property name="sun.management.compiler" value="HotSpot 64-Bit Tiered Compilers"/>
    <property name="java.runtime.version" value="11.0.15+9-LTS"/>
    <property name="user.name" value="moralespanitz"/>
    <property name="path.separator" value=";"/>
    <property name="os.version" value="10.0"/>
    <property name="java.runtime.name" value="OpenJDK Runtime Environment"/>
    <property name="file.encoding" value="Cp1252"/>
    <property name="java.vm.name" value="OpenJDK 64-Bit Server VM"/>
    <property name="java.vendor.version" value="Corretto-11.0.15.9.1"/>
    <property name="localRepository" value="C:\Users\moralespanitz\.m2\repository"/>
    <property name="java.vendor.url.bug" value="https://github.com/corretto/corretto-11/issues/"/>
    <property name="java.io.tmpdir" value="C:\Users\MORALE~1\AppData\Local\Temp\"/>
    <property name="java.version" value="11.0.15"/>
    <property name="user.dir" value="C:\Users\moralespanitz\UTEC\Software-Engineering\TestingLab\TestingLab"/>
    <property name="os.arch" value="amd64"/>
    <property name="java.vm.specification.name" value="Java Virtual Machine Specification"/>
    <property name="java.awt.printerjob" value="sun.awt.windows.WPrinterJob"/>
    <property name="sun.os.patch.level" value=""/>
    <property name="sonar.projectKey" value="alexanderutec_TestingLab"/>
    <property name="java.library.path" value="C:\Users\moralespanitz\.jdks\corretto-11.0.15\bin;C:\Windows\Sun\Java\bin;C:\Windows\system32;C:\Windows;C:\Users\moralespanitz\Miniconda3;C:\Users\moralespanitz\Miniconda3\Library\mingw-w64\bin;C:\Users\moralespanitz\Miniconda3\Library\usr\bin;C:\Users\moralespanitz\Miniconda3\Library\bin;C:\Users\moralespanitz\Miniconda3\Scripts;C:\Users\moralespanitz\Miniconda3\bin;C:\Users\moralespanitz\Miniconda3\condabin;C:\Python310\Scripts;C:\Python310;C:\Program Files (x86)\VMware\VMware Player\bin;C:\Windows\system32;C:\Windows;C:\Windows\System32\Wbem;C:\Windows\System32\WindowsPowerShell\v1.0;C:\Windows\System32\OpenSSH;C:\Program Files\Git\cmd;C:\ProgramData\chocolatey\bin;C:\Users\moralespanitz\Neovim\bin;C:\Program Files\dotnet;C:\Program Files\CMake\bin;C:\Program Files\Docker\Docker\resources\bin;C:\ProgramData\DockerDesktop\version-bin;C:\Program Files\nodejs;C:\Users\moralespanitz\Miniconda3;C:\Users\moralespanitz\Miniconda3\Library\mingw-w64\bin;C:\Users\moralespanitz\Miniconda3\Library\usr\bin;C:\Users\moralespanitz\Miniconda3\Library\bin;C:\Users\moralespanitz\Miniconda3\Scripts;C:\Users\moralespanitz\AppData\Local\Microsoft\WindowsApps;C:\Users\moralespanitz\AppData\Local\Programs\Microsoft VS Code\bin;C:\MinGW\bin;C:\Program Files\JetBrains\CLion 2022.1\bin;.;C:\Program Files\JetBrains\PyCharm 2022.1\bin;.;C:\Program Files\JetBrains\IntelliJ IDEA 2022.1\bin;.;C:\Users\moralespanitz\Neovim\bin;C:\Users\moralespanitz\UTEC\Software\design-stonks\sonar-scanner-cli-4.7.0.2747-windows\sonar-scanner-4.7.0.2747-windows\bin;C:\texlive\2022\bin\win32;C:\Users\moralespanitz\AppData\Local\Pandoc;C:\Program Files\JetBrains\DataGrip 2022.1.4\bin;.;C:\Users\moralespanitz\AppData\Roaming\npm;C:\Users\moralespanitz\AppData\Local\Programs\Julia-1.7.2\bin;C:\Users\moralespanitz\Documents\apache-maven\bin;.;."/>
    <property name="java.vm.info" value="mixed mode"/>
    <property name="java.vendor" value="Amazon.com Inc."/>
    <property name="java.vm.version" value="11.0.15+9-LTS"/>
    <property name="sun.io.unicode.encoding" value="UnicodeLittle"/>
    <property name="java.class.version" value="55.0"/>
  </properties>
  <testcase name="testgetname" classname="persona.PersonaTest" time="0.009"/>
  <testcase name="testsetlastname" classname="persona.PersonaTest" time="0"/>
  <testcase name="testgetlastname" classname="persona.PersonaTest" time="0"/>
  <testcase name="testsetnacimiento" classname="persona.PersonaTest" time="0.002"/>
  <testcase name="testsetconsulta" classname="persona.PersonaTest" time="0"/>
  <testcase name="testgetconsulta" classname="persona.PersonaTest" time="0"/>
  <testcase name="testMayorDeEdad" classname="persona.PersonaTest" time="0.001"/>
  <testcase name="testsetname" classname="persona.PersonaTest" time="0"/>
  <testcase name="testgetnacimiento" classname="persona.PersonaTest" time="0"/>
</testsuite>